/__w/bipm-si-brochure/bipm-si-brochure/site/documents/guide-ccl-metre-realization-2-en.err errors


== Metanorma XML Style Warning

(XML Line 000160): Hanging paragraph in clause
	<clause id="_background" obligation="normative"><title>Background</title><p id="_8fbce302-98b1-435d-903e-966e478e2d3a">The lattice constant of silicon has been determined on bulk silicon
	crystals with very small relative uncertainty down to <stem type="MathML"><math xmlns="http://www.w3.org/1998/Math/MathML"><msup><mrow><mn>10</mn></mrow><mrow><mrow><mo>−</mo><mn>8</mn></mrow></mrow></msup></math></stem> by
	using optical interferometry combined with x-ray interferometry. Up to
	the present all of measurements performed are in good agreement <eref type="inline" bibitemid="mohr" citeas="[1]"/>.</p>
	<clause id="_dimensional_metrology_experience" obligation="normative"><title>Dimensional Metrology Experience</title><p id="_f6c097a8-8d15-4505-a3ae-80d97dbb5f2d">Since the early 2000s, at least two NMIs have experimented with using the known value of the bulk silicon lattice constant to establish traceability to the SI metre for dimensional nanometrology applications. Techniques such as x-ray scattering, can provide a link to the silicon lattice for certain measurands (notably, film thickness) that are defined over large sampling areas. However, for highly localized measurements of specific nanostructures, various forms of transmission electron microscopy (TEM) seem the most appropriate method of linking. During the last 15 years, both NIST and PTB have carried out significant efforts in dimensional nanometrology that relied on this approach.</p>
(XML Line 000176): Hanging paragraph in clause
	<clause id="_practical_implementation" obligation="normative">
	<title>Practical Implementation</title>
	<clause id="_requirements_and_challenges" obligation="normative"><title>Requirements and Challenges</title><p id="_5031ce7d-b70e-4c6c-a628-944f355dab8a">It remains a challenging issue to accurately assign the feature edges in high resolution (S)TEM images, and this is of central importance in using TEM metrology to provide a traceable reference for dimensional nanometrology. The uncertainties in the feature edge locations directly impact the uncertainty of a width measurement. Generally, these uncertainties must be <stem type="MathML"><math xmlns="http://www.w3.org/1998/Math/MathML"><mn>1</mn><mo rspace="thickmathspace">⁢</mo><mrow xref="U_nm"><mi mathvariant="normal">nm</mi></mrow>
	
	


== Metanorma XML Syntax

(XML Line 000042:36): text not allowed here; expected the element end-tag or element "description"
(XML Line 000055:36): text not allowed here; expected the element end-tag or element "description"
(XML Line 000068:33): text not allowed here; expected the element end-tag or element "description"
(XML Line 000105:29): value of attribute "type" is invalid; must be equal to "abridgementOf", "adaptedFrom", "adoptedAs", "adoptedFrom", "annotationOf", "arrangementOf", "cataloguedBy", "catalogues", "cites", "commentaryOf", "complementOf", "complements", "derivedFrom", "derives", "describedBy", "describes", "draftOf", "editionOf", "exemplarOf", "expressionOf", "hasAbridgement", "hasAdaptation", "hasAnnotation", "hasArrangement", "hasCommentary", "hasDraft", "hasEdition", "hasExemplar", "hasExpression", "hasInstance", "hasManifestation", "hasPart", "hasReprint", "hasReproduction", "hasReview", "hasSuccessor", "hasTranslation", "includedIn", "includes", "instance", "isCitedIn", "manifestationOf", "mergedInto", "merges", "obsoletedBy", "obsoletes", "partOf", "related", "reprintOf", "reproductionOf", "reviewOf", "splitInto", "splits", "successorOf", "translatedFrom", "updatedBy" or "updates"
(XML Line 000107:25): element "date" not allowed yet; expected element "fetched", "formattedref" or "title"
(XML Line 000107:37): text not allowed here; expected the element end-tag or element "from" or "on"
(XML Line 000113:29): value of attribute "type" is invalid; must be equal to "abridgementOf", "adaptedFrom", "adoptedAs", "adoptedFrom", "annotationOf", "arrangementOf", "cataloguedBy", "catalogues", "cites", "commentaryOf", "complementOf", "complements", "derivedFrom", "derives", "describedBy", "describes", "draftOf", "editionOf", "exemplarOf", "expressionOf", "hasAbridgement", "hasAdaptation", "hasAnnotation", "hasArrangement", "hasCommentary", "hasDraft", "hasEdition", "hasExemplar", "hasExpression", "hasInstance", "hasManifestation", "hasPart", "hasReprint", "hasReproduction", "hasReview", "hasSuccessor", "hasTranslation", "includedIn", "includes", "instance", "isCitedIn", "manifestationOf", "mergedInto", "merges", "obsoletedBy", "obsoletes", "partOf", "related", "reprintOf", "reproductionOf", "reviewOf", "splitInto", "splits", "successorOf", "translatedFrom", "updatedBy" or "updates"
(XML Line 000115:24): element "date" not allowed yet; expected element "fetched", "formattedref" or "title"
(XML Line 000115:36): text not allowed here; expected the element end-tag or element "from" or "on"
