/__w/bipm-si-brochure/bipm-si-brochure/site/documents/mep-kelvin-definition-en.err errors


== Metanorma XML Style Warning

(XML Line 000092): Hanging paragraph in clause
	<clause id="_practical_realization_of_the_kelvin_by_primary_thermometry" obligation="normative"><title>Practical realization of the kelvin by primary thermometry</title><p id="_f1cea6f8-167c-4272-bd3b-fd45576696eb">While the 2018 definition of the kelvin in terms of the Boltzmann constant has no immediate impact
	on the status of the ITS-90 and the PLTS-2000, there are significant benefits, particularly for
	temperature measurements below <stem type="MathML"><math xmlns="http://www.w3.org/1998/Math/MathML"><mi>~</mi><mn>20</mn><mo rspace="thickmathspace">⁢</mo><mrow xref="U_NISTu5"><mi mathvariant="normal">K</mi></mrow>
	
	
(XML Line 000126): Hanging paragraph in clause
	<clause id="_thermodynamic_temperature_measurement_by_acoustic_gas_thermometry" obligation="normative"><title>Thermodynamic temperature measurement by acoustic gas thermometry</title><clause id="_principle_of_primary_acoustic_gas_thermometry" obligation="normative"><title>Principle of primary acoustic gas thermometry</title><p id="_a712af4c-1297-43a1-830e-8ea39155b552">Primary acoustic gas thermometry (AGT) exploits the relationship between the speed of sound, <stem type="MathML"><math xmlns="http://www.w3.org/1998/Math/MathML"><mi>u</mi></math></stem>, in
	an ideal gas in the limit of zero frequency and the thermodynamic temperature, <stem type="MathML"><math xmlns="http://www.w3.org/1998/Math/MathML"><mstyle mathvariant="italic"><mi>T</mi></mstyle></math></stem>, of the gas,</p>
	<formula id="_b5c10ef0-6811-4e6d-a4a8-882fbc3385f9">
	<stem type="MathML"><math xmlns="http://www.w3.org/1998/Math/MathML"><msup><mrow><mi>u</mi></mrow><mrow><mn>2</mn></mrow></msup><mo>=</mo><mfrac><mrow><mrow><mi mathvariant="normal">γ</mi><mi>k</mi><mstyle mathvariant="italic"><mi>T</mi></mstyle></mrow></mrow><mrow><mi>m</mi></mrow></mfrac><mi>,</mi></math></stem>
	</formula>
(XML Line 000157): Hanging paragraph in clause
	<clause id="_spectral_band_radiometric_thermometry_1235_unitsmlk_and_above" obligation="normative"><title>Spectral-band radiometric thermometry (<stem type="MathML"><math xmlns="http://www.w3.org/1998/Math/MathML"><mn>1235</mn><mo rspace="thickmathspace">⁢</mo><mrow xref="U_NISTu5"><mi mathvariant="normal">K</mi></mrow>
	
	
	
	
(XML Line 000181): Hanging paragraph in clause
	<clause id="_thermodynamic_temperature_measurement_by_polarizing_gas_thermometry" obligation="normative"><title>Thermodynamic temperature measurement by polarizing gas thermometry</title><clause id="_principle_of_primary_polarizing_gas_thermometry" obligation="normative"><title>Principle of primary polarizing gas thermometry</title><p id="_350d568b-112c-452d-aadb-2b5c5d9a4c7a">Polarizing gas thermometry (PGT) is based on the in-situ measurement of the gas density via its
	electromagnetic properties. The basic working equations are the Clausius-Mossotti and Lorentz-Lorenz
	equation, which have been independently theoretically derived. The Clausius-Mossotti
	equation describes the gas behaviour in an electric field by the relative dielectric constant
	(permittivity) <stem type="MathML"><math xmlns="http://www.w3.org/1998/Math/MathML"><msub><mrow><mstyle mathvariant="italic"><mi>ε</mi></mstyle></mrow><mrow><mtext>r</mtext></mrow></msub></math></stem>. For an ideal gas, its combination with the equation of state yields the rigorous
(XML Line 000284): Hanging paragraph in clause
	<clause id="_thermodynamic_temperature_measurement_by_johnson_noise_thermometry" obligation="normative"><title>Thermodynamic temperature measurement by Johnson noise thermometry</title><clause id="_principle_of_primary_johnson_noise_thermometry" obligation="normative"><title>Principle of primary Johnson noise thermometry</title><p id="_f8c585ef-0796-4432-9595-68872785ce59">Primary Johnson noise thermometry (JNT) is based on the thermal agitation of the charge carriers
	inside an electrical conductor and the fluctuation-dissipation theorem as its theoretical description.</p>
	<p id="_a1052b96-d70f-4a21-9954-3e4cf65d4315">The power spectral density <stem type="MathML"><math xmlns="http://www.w3.org/1998/Math/MathML"><msub><mrow><mstyle mathvariant="italic"><mi>S</mi></mstyle></mrow><mrow><mstyle mathvariant="italic"><mi>V</mi></mstyle></mrow></msub><mfenced open="(" close=")"><mrow><mi>f</mi><mi>,</mi><mstyle mathvariant="italic"><mi>T</mi></mstyle></mrow></mfenced></math></stem> of the noise voltage <stem type="MathML"><math xmlns="http://www.w3.org/1998/Math/MathML"><mstyle mathvariant="italic"><mi>V</mi></mstyle></math></stem> across a complex electrical
	impedance <stem type="MathML"><math xmlns="http://www.w3.org/1998/Math/MathML"><mstyle mathvariant="italic"><mi>Z</mi></mstyle><mfenced open="(" close=")"><mrow><mi>f</mi></mrow></mfenced></math></stem> is given by</p>
	<formula id="_9a2c36a5-ca80-498b-ab16-d6717bab4166">
(XML Line 000331): Hanging paragraph in clause
	<clause id="sec-5" obligation="normative"><title>Practical realization of the kelvin applying defined temperature scales</title><p id="_ec0aa5c0-8027-4e95-8584-45657231966d">The CIPM has adopted a series of International Temperature Scales; firstly in 1927, acting under the authority of the CGPM and, since 1937, on the advice of its CCT. Subsequent to the 1927 scale, new scales have been adopted in 1948, 1968, and 1990, with occasional minor revisions in intervening years. In 2000 a Provisional Low Temperature Scale PLTS-2000 was adopted for temperatures below <stem type="MathML"><math xmlns="http://www.w3.org/1998/Math/MathML"><mn>1</mn><mo rspace="thickmathspace">⁢</mo><mrow xref="U_NISTu5"><mi mathvariant="normal">K</mi></mrow>
	
	
	
	


== Metanorma XML Syntax

(XML Line 000224:1164): element "stem" not allowed here; expected the element end-tag or text
(XML Line 000326:93): element "em" not allowed here; expected the element end-tag or text
(XML Line 000366:148): element "stem" not allowed here; expected the element end-tag or text
(XML Line 000565:93): element "em" not allowed here; expected the element end-tag or text
(XML Line 000619:68): element "em" not allowed here; expected the element end-tag or text
(XML Line 000864:811): element "stem" not allowed here; expected the element end-tag or text
