/__w/bipm-si-brochure/bipm-si-brochure/site/documents/sib-a4-fr.err errors


== Metanorma XML Style Warning

(XML Line 000327): Hanging paragraph in clause
	<clause id="_partie_3_perspective_historique_sur_les_unités_de_base_du_si" obligation="normative"><title>Partie 3. Perspective historique sur les unités de base du SI</title><clause id="_unité_de_temps_la_seconde_seconde_tempsdure" obligation="normative">
	<title>Unité de temps, la seconde <index><primary>seconde</primary></index> <index><primary>temps</primary><secondary>durée</secondary></index></title>
	<p id="_06c280d2-27c0-420b-b95b-3be04cf46b22">Avant 1960, l’unité de temps, la seconde, était définie comme la fraction <stem type="MathML"><math xmlns="http://www.w3.org/1998/Math/MathML"><mn>1</mn><mo>/</mo><mn>86400</mn></math></stem> du jour
	solaire moyen. La définition exacte du « jour solaire moyen » était laissée aux astronomes.
	Toutefois, les observations ont montré que cette définition n’était pas satisfaisante du fait


== Metanorma XML Syntax

(XML Line 000053:11): element "appendix" not allowed yet; missing required element "docnumber"
(XML Line 000103:137): element "stem" not allowed here; expected the element end-tag, text or element "br", "em", "smallcap", "strike", "strong", "sub", "sup", "tt" or "underline"
(XML Line 000125:118): element "stem" not allowed here; expected the element end-tag, text or element "br", "em", "smallcap", "strike", "strong", "sub", "sup", "tt" or "underline"
(XML Line 000135:89): element "stem" not allowed here; expected the element end-tag, text or element "br", "em", "smallcap", "strike", "strong", "sub", "sup", "tt" or "underline"
(XML Line 000145:108): element "stem" not allowed here; expected the element end-tag, text or element "br", "em", "smallcap", "strike", "strong", "sub", "sup", "tt" or "underline"
(XML Line 000156:134): element "stem" not allowed here; expected the element end-tag, text or element "br", "em", "smallcap", "strike", "strong", "sub", "sup", "tt" or "underline"
(XML Line 000172:84): element "stem" not allowed here; expected the element end-tag, text or element "br", "em", "smallcap", "strike", "strong", "sub", "sup", "tt" or "underline"
(XML Line 000186:77): element "stem" not allowed here; expected the element end-tag, text or element "br", "em", "smallcap", "strike", "strong", "sub", "sup", "tt" or "underline"
(XML Line 000321:90): element "stem" not allowed here; expected the element end-tag, text or element "br", "em", "smallcap", "strike", "strong", "sub", "sup", "tt" or "underline"
(XML Line 000330:148): element "stem" not allowed here; expected the element end-tag, text or element "br", "em", "smallcap", "strike", "strong", "sub", "sup", "tt" or "underline"
(XML Line 000341:53): element "stem" not allowed here; expected the element end-tag, text or element "br", "em", "smallcap", "strike", "strong", "sub", "sup", "tt" or "underline"
(XML Line 000353:115): element "stem" not allowed here; expected the element end-tag, text or element "br", "em", "smallcap", "strike", "strong", "sub", "sup", "tt" or "underline"
(XML Line 000375:44): element "stem" not allowed here; expected the element end-tag, text or element "br", "em", "smallcap", "strike", "strong", "sub", "sup", "tt" or "underline"
(XML Line 000414:43): element "stem" not allowed here; expected the element end-tag, text or element "br", "em", "smallcap", "strike", "strong", "sub", "sup", "tt" or "underline"
(XML Line 000431:58): element "stem" not allowed here; expected the element end-tag, text or element "br", "em", "smallcap", "strike", "strong", "sub", "sup", "tt" or "underline"
(XML Line 000442:53): element "stem" not allowed here; expected the element end-tag, text or element "br", "em", "smallcap", "strike", "strong", "sub", "sup", "tt" or "underline"
(XML Line 000467:92): element "stem" not allowed here; expected the element end-tag, text or element "br", "em", "smallcap", "strike", "strong", "sub", "sup", "tt" or "underline"
(XML Line 000477:84): element "stem" not allowed here; expected the element end-tag, text or element "br", "em", "smallcap", "strike", "strong", "sub", "sup", "tt" or "underline"
(XML Line 000499:82): element "stem" not allowed here; expected the element end-tag, text or element "br", "em", "smallcap", "strike", "strong", "sub", "sup", "tt" or "underline"
(XML Line 000515:139): element "stem" not allowed here; expected the element end-tag, text or element "br", "em", "smallcap", "strike", "strong", "sub", "sup", "tt" or "underline"
(XML Line 000535:177): element "stem" not allowed here; expected the element end-tag, text or element "br", "em", "smallcap", "strike", "strong", "sub", "sup", "tt" or "underline"
(XML Line 000620:121): element "stem" not allowed here; expected the element end-tag, text or element "br", "em", "smallcap", "strike", "strong", "sub", "sup", "tt" or "underline"
(XML Line 000629:77): element "stem" not allowed here; expected the element end-tag, text or element "br", "em", "smallcap", "strike", "strong", "sub", "sup", "tt" or "underline"
(XML Line 000650:102): element "stem" not allowed here; expected the element end-tag, text or element "br", "em", "smallcap", "strike", "strong", "sub", "sup", "tt" or "underline"
(XML Line 000688:259): element "stem" not allowed here; expected the element end-tag, text or element "br", "em", "smallcap", "strike", "strong", "sub", "sup", "tt" or "underline"
(XML Line 000698:93): element "stem" not allowed here; expected the element end-tag, text or element "br", "em", "smallcap", "strike", "strong", "sub", "sup", "tt" or "underline"
(XML Line 000710:68): element "stem" not allowed here; expected the element end-tag, text or element "br", "em", "smallcap", "strike", "strong", "sub", "sup", "tt" or "underline"
(XML Line 000731:53): element "stem" not allowed here; expected the element end-tag, text or element "br", "em", "smallcap", "strike", "strong", "sub", "sup", "tt" or "underline"
(XML Line 000746:207): element "stem" not allowed here; expected the element end-tag, text or element "br", "em", "smallcap", "strike", "strong", "sub", "sup", "tt" or "underline"
(XML Line 000756:127): element "stem" not allowed here; expected the element end-tag, text or element "br", "em", "smallcap", "strike", "strong", "sub", "sup", "tt" or "underline"
(XML Line 000770:53): element "stem" not allowed here; expected the element end-tag, text or element "br", "em", "smallcap", "strike", "strong", "sub", "sup", "tt" or "underline"
(XML Line 000782:216): element "stem" not allowed here; expected the element end-tag, text or element "br", "em", "smallcap", "strike", "strong", "sub", "sup", "tt" or "underline"
(XML Line 000794:78): element "stem" not allowed here; expected the element end-tag, text or element "br", "em", "smallcap", "strike", "strong", "sub", "sup", "tt" or "underline"
(XML Line 000807:100): element "stem" not allowed here; expected the element end-tag, text or element "br", "em", "smallcap", "strike", "strong", "sub", "sup", "tt" or "underline"
(XML Line 000861:281): element "stem" not allowed here; expected the element end-tag, text or element "br", "em", "smallcap", "strike", "strong", "sub", "sup", "tt" or "underline"
(XML Line 000905:64): element "stem" not allowed here; expected the element end-tag, text or element "br", "em", "smallcap", "strike", "strong", "sub", "sup", "tt" or "underline"
(XML Line 000943:120): element "stem" not allowed here; expected the element end-tag, text or element "br", "em", "smallcap", "strike", "strong", "sub", "sup", "tt" or "underline"
(XML Line 000964:64): element "stem" not allowed here; expected the element end-tag, text or element "br", "em", "smallcap", "strike", "strong", "sub", "sup", "tt" or "underline"
(XML Line 000976:202): element "stem" not allowed here; expected the element end-tag, text or element "br", "em", "smallcap", "strike", "strong", "sub", "sup", "tt" or "underline"
(XML Line 001003:125): element "stem" not allowed here; expected the element end-tag, text or element "br", "em", "smallcap", "strike", "strong", "sub", "sup", "tt" or "underline"
(XML Line 001020:53): element "stem" not allowed here; expected the element end-tag, text or element "br", "em", "smallcap", "strike", "strong", "sub", "sup", "tt" or "underline"
(XML Line 001031:127): element "stem" not allowed here; expected the element end-tag, text or element "br", "em", "smallcap", "strike", "strong", "sub", "sup", "tt" or "underline"
