/__w/bipm-si-brochure/bipm-si-brochure/site/documents/sib-a4-en.err errors


== Metanorma XML Style Warning

(XML Line 000132): Hanging paragraph in clause
	<clause id="_part_3_historical_perspective_on_the_base_unitsbase_units" obligation="normative"><title>Part 3. Historical perspective on the base units<index><primary>base unit(s)</primary></index></title><clause id="_unit_of_time_second_second_unitsmls_time_duration" obligation="normative">
	<title>Unit of time, second <index to="second_s"><primary>second (<stem type="MathML"><math xmlns="http://www.w3.org/1998/Math/MathML"><mrow xref="U_NISTu3"><mi mathvariant="normal">s</mi></mrow>
	
	
	


== Metanorma XML Syntax

(XML Line 000053:11): element "appendix" not allowed yet; missing required element "docnumber"
(XML Line 000096:85): element "stem" not allowed here; expected the element end-tag, text or element "br", "em", "smallcap", "strike", "strong", "sub", "sup", "tt" or "underline"
(XML Line 000107:128): element "stem" not allowed here; expected the element end-tag, text or element "br", "em", "smallcap", "strike", "strong", "sub", "sup", "tt" or "underline"
(XML Line 000117:90): element "stem" not allowed here; expected the element end-tag, text or element "br", "em", "smallcap", "strike", "strong", "sub", "sup", "tt" or "underline"
(XML Line 000127:91): element "stem" not allowed here; expected the element end-tag, text or element "br", "em", "smallcap", "strike", "strong", "sub", "sup", "tt" or "underline"
(XML Line 000137:163): element "stem" not allowed here; expected the element end-tag, text or element "br", "em", "smallcap", "strike", "strong", "sub", "sup", "tt" or "underline"
(XML Line 000147:1150): element "stem" not allowed here; expected the element end-tag, text or element "br", "em", "smallcap", "strike", "strong", "sub", "sup", "tt" or "underline"
(XML Line 000182:1964): element "stem" not allowed here; expected the element end-tag, text or element "br", "em", "smallcap", "strike", "strong", "sub", "sup", "tt" or "underline"
(XML Line 000218:625): element "stem" not allowed here; expected the element end-tag, text or element "br", "em", "smallcap", "strike", "strong", "sub", "sup", "tt" or "underline"
(XML Line 000228:99): element "stem" not allowed here; expected the element end-tag, text or element "br", "em", "smallcap", "strike", "strong", "sub", "sup", "tt" or "underline"
(XML Line 000253:501): element "stem" not allowed here; expected the element end-tag, text or element "br", "em", "smallcap", "strike", "strong", "sub", "sup", "tt" or "underline"
(XML Line 000263:227): element "stem" not allowed here; expected the element end-tag, text or element "br", "em", "smallcap", "strike", "strong", "sub", "sup", "tt" or "underline"
(XML Line 000279:494): element "stem" not allowed here; expected the element end-tag, text or element "br", "em", "smallcap", "strike", "strong", "sub", "sup", "tt" or "underline"
(XML Line 000292:670): element "stem" not allowed here; expected the element end-tag, text or element "br", "em", "smallcap", "strike", "strong", "sub", "sup", "tt" or "underline"
(XML Line 000305:246): element "stem" not allowed here; expected the element end-tag, text or element "br", "em", "smallcap", "strike", "strong", "sub", "sup", "tt" or "underline"
(XML Line 000339:87): element "stem" not allowed here; expected the element end-tag, text or element "br", "em", "smallcap", "strike", "strong", "sub", "sup", "tt" or "underline"
(XML Line 000352:114): element "stem" not allowed here; expected the element end-tag, text or element "br", "em", "smallcap", "strike", "strong", "sub", "sup", "tt" or "underline"
(XML Line 000367:202): element "stem" not allowed here; expected the element end-tag, text or element "br", "em", "smallcap", "strike", "strong", "sub", "sup", "tt" or "underline"
(XML Line 000377:127): element "stem" not allowed here; expected the element end-tag, text or element "br", "em", "smallcap", "strike", "strong", "sub", "sup", "tt" or "underline"
(XML Line 000387:330): element "stem" not allowed here; expected the element end-tag, text or element "br", "em", "smallcap", "strike", "strong", "sub", "sup", "tt" or "underline"
(XML Line 000399:923): element "stem" not allowed here; expected the element end-tag, text or element "br", "em", "smallcap", "strike", "strong", "sub", "sup", "tt" or "underline"
(XML Line 000411:132): element "stem" not allowed here; expected the element end-tag, text or element "br", "em", "smallcap", "strike", "strong", "sub", "sup", "tt" or "underline"
(XML Line 000421:655): element "stem" not allowed here; expected the element end-tag, text or element "br", "em", "smallcap", "strike", "strong", "sub", "sup", "tt" or "underline"
(XML Line 000431:531): element "stem" not allowed here; expected the element end-tag, text or element "br", "em", "smallcap", "strike", "strong", "sub", "sup", "tt" or "underline"
(XML Line 000443:94): element "stem" not allowed here; expected the element end-tag, text or element "br", "em", "smallcap", "strike", "strong", "sub", "sup", "tt" or "underline"
(XML Line 000477:315): element "stem" not allowed here; expected the element end-tag, text or element "br", "em", "smallcap", "strike", "strong", "sub", "sup", "tt" or "underline"
(XML Line 000519:122): element "stem" not allowed here; expected the element end-tag, text or element "br", "em", "smallcap", "strike", "strong", "sub", "sup", "tt" or "underline"
(XML Line 000531:198): element "stem" not allowed here; expected the element end-tag, text or element "br", "em", "smallcap", "strike", "strong", "sub", "sup", "tt" or "underline"
(XML Line 000541:364): element "stem" not allowed here; expected the element end-tag, text or element "br", "em", "smallcap", "strike", "strong", "sub", "sup", "tt" or "underline"
(XML Line 000562:417): element "stem" not allowed here; expected the element end-tag, text or element "br", "em", "smallcap", "strike", "strong", "sub", "sup", "tt" or "underline"
(XML Line 000573:129): element "stem" not allowed here; expected the element end-tag, text or element "br", "em", "smallcap", "strike", "strong", "sub", "sup", "tt" or "underline"
