/__w/bipm-si-brochure/bipm-si-brochure/site/documents/rec-values/mep-wgfs-nm633-I2.err errors


== Metanorma XML Style Warning

(XML Line 000091): Hanging paragraph in clause
	<clause id="_source_data" obligation="normative"><title>Source data</title><dl id="_4923c8bc-57b8-4815-8585-d94b40ba62a6">
	<dt>Adopted value</dt>
	<dd>
	<p id="_036c123d-b798-4d82-a5ae-9eb226c4e13e"><stem type="MathML"><math xmlns="http://www.w3.org/1998/Math/MathML"><mi>f</mi><mo>=</mo><mn>473612353604</mn><mfenced open="(" close=")"><mrow><mn>10</mn></mrow></mfenced><mo rspace="thickmathspace">⁢</mo><mrow xref="U_kHz"><mi mathvariant="normal">kHz</mi></mrow>
	
(XML Line 000102): Table should have title
	<table id="_ca124262-2d63-498a-8cd2-c7d349cd0909" unnumbered="true">
	<thead>
	<tr>
	<th valign="top" align="left">
	<stem type="MathML"><math xmlns="http://www.w3.org/1998/Math/MathML"><mi>f</mi><mo>/</mo><mrow xref="U_kHz"><mi mathvariant="normal">kHz</mi></mrow>
(XML Line 000180): Table should have title
	<table id="_cc8d24a1-08a0-406f-b18f-8c16416f3f3a" unnumbered="true">
	<thead>
	<tr>
	<th valign="top" align="left">Parameter</th>
	<th valign="top" align="left">Recommended value</th>
(XML Line 000287): Table should have title
	<table id="table1">
	<tbody>
	<tr>
	<th colspan="8" valign="middle" align="center"><stem type="MathML"><math xmlns="http://www.w3.org/1998/Math/MathML"><mstyle mathvariant="italic"><mi>λ</mi></mstyle><mo>≈</mo><mn>633</mn><mo rspace="thickmathspace">⁢</mo><mrow xref="U_nm"><mi mathvariant="normal">nm</mi></mrow>
	
(XML Line 000527): Table should have title
	<table id="table2">
	<tbody>
	<tr>
	<th colspan="8" valign="middle" align="center"><stem type="MathML"><math xmlns="http://www.w3.org/1998/Math/MathML"><mstyle mathvariant="italic"><mi>λ</mi></mstyle><mo>≈</mo><mn>633</mn><mo rspace="thickmathspace">⁢</mo><mrow xref="U_nm"><mi mathvariant="normal">nm</mi></mrow>
	
(XML Line 000782): Table should have title
	<table id="table3">
	<tbody>
	<tr>
	<th colspan="8" valign="middle" align="center"><stem type="MathML"><math xmlns="http://www.w3.org/1998/Math/MathML"><mstyle mathvariant="italic"><mi>λ</mi></mstyle><mo>≈</mo><mn>633</mn><mo rspace="thickmathspace">⁢</mo><mrow xref="U_nm"><mi mathvariant="normal">nm</mi></mrow>
	
(XML Line 001093): Table should have title
	<table id="table4">
	<tbody>
	<tr>
	<th colspan="8" valign="middle" align="center"><stem type="MathML"><math xmlns="http://www.w3.org/1998/Math/MathML"><mstyle mathvariant="italic"><mi>λ</mi></mstyle><mo>≈</mo><mn>633</mn><mo rspace="thickmathspace">⁢</mo><mrow xref="U_nm"><mi mathvariant="normal">nm</mi></mrow>
	
(XML Line 001436): Table should have title
	<table id="table5">
	<tbody>
	<tr>
	<th colspan="8" valign="middle" align="center"><stem type="MathML"><math xmlns="http://www.w3.org/1998/Math/MathML"><mstyle mathvariant="italic"><mi>λ</mi></mstyle><mo>≈</mo><mn>633</mn><mo rspace="thickmathspace">⁢</mo><mrow xref="U_nm"><mi mathvariant="normal">nm</mi></mrow>
	
(XML Line 001537): Table should have title
	<table id="table6">
	<tbody>
	<tr>
	<th colspan="8" valign="middle" align="center"><stem type="MathML"><math xmlns="http://www.w3.org/1998/Math/MathML"><mstyle mathvariant="italic"><mi>λ</mi></mstyle><mo>≈</mo><mn>633</mn><mo rspace="thickmathspace">⁢</mo><mrow xref="U_nm"><mi mathvariant="normal">nm</mi></mrow>
	
(XML Line 001736): Table should have title
	<table id="table7">
	<tbody>
	<tr>
	<th colspan="8" valign="middle" align="center"><stem type="MathML"><math xmlns="http://www.w3.org/1998/Math/MathML"><mstyle mathvariant="italic"><mi>λ</mi></mstyle><mo>≈</mo><mn>633</mn><mo rspace="thickmathspace">⁢</mo><mrow xref="U_nm"><mi mathvariant="normal">nm</mi></mrow>
	


== Metanorma XML Syntax

(XML Line 000031:6): character content of element "on" invalid; must be a string matching the regular expression "([\+\-]?\d{4})((-?)((0[1-9]|1[0-2])((-?)([12]\d|0[1-9]|3[01]))?|W([0-4]\d|5[0-2])(-?[1-7])?|(00[1-9]|0[1-9]\d|[12]\d{2}|3([0-5]\d|6[1-6]))))?"
(XML Line 000049:17): character content of element "revision-date" invalid; must be a string matching the regular expression "([\+\-]?\d{4})((-?)((0[1-9]|1[0-2])((-?)([12]\d|0[1-9]|3[01]))?|W([0-4]\d|5[0-2])(-?[1-7])?|(00[1-9]|0[1-9]\d|[12]\d{2}|3([0-5]\d|6[1-6]))))?"
(XML Line 000068:36): value of attribute "acronym" is invalid; must be equal to "BIPM", "CCAUV", "CCEM", "CCL", "CCL-CCTF", "CCM", "CCPR", "CCQM", "CCRI", "CCT", "CCTF", "CCU", "CGPM", "CIPM", "INetQI", "JCGM", "JCRB" or "JCTLM"
