/__w/bipm-si-brochure/bipm-si-brochure/site/documents/rec-values/mep-wgfs-um3_39-CH4.err errors


== Metanorma XML Style Warning

(XML Line 000070): Hanging paragraph in clause
	<clause id="_cipm_recommended_values" obligation="normative"><title>CIPM recommended values</title><clause id="_2" obligation="normative"><dl id="_b664111e-4d67-4b1e-bc07-00c22463c9a6">
	<dt>The values</dt>
	<dd>
	<p id="_fa0b8d35-68b9-4147-b35a-cef222572318"><stem type="MathML"><math xmlns="http://www.w3.org/1998/Math/MathML"><mi>f</mi><mo>=</mo><mn>88376181600.18</mn><mo rspace="thickmathspace">⁢</mo><mrow xref="U_kHz"><mi mathvariant="normal">kHz</mi></mrow>
	
(XML Line 000103): Hanging paragraph in clause
	<clause id="_source_data" obligation="normative"><title>Source data</title><clause id="_4" obligation="normative"><p id="_07db9561-67d3-40ab-9430-7482609642bc">Resolved hyperfine structure</p>
	<dl id="_86baeeb1-89ff-4cee-b54b-378ece4d72fe">
	<dt>Adopted value</dt>
	<dd>
	<p id="_00d2ff93-e275-46e4-9844-2f3f5d505855"><stem type="MathML"><math xmlns="http://www.w3.org/1998/Math/MathML"><mi>f</mi><mo>=</mo><mn>88376181600.18</mn><mfenced open="(" close=")"><mrow><mn>27</mn></mrow></mfenced><mo rspace="thickmathspace">⁢</mo><mrow xref="U_kHz"><mi mathvariant="normal">kHz</mi></mrow>
(XML Line 000115): Table should have title
	<table id="_a1a127b1-7c69-470e-a26d-475b1879b84f" unnumbered="true">
	<thead>
	<tr>
	<th valign="top" align="left">
	<stem type="MathML"><math xmlns="http://www.w3.org/1998/Math/MathML"><mi>x</mi><mo>/</mo><mrow xref="U_kHz"><mi mathvariant="normal">kHz</mi></mrow>
(XML Line 000226): Table should have title
	<table id="_57dc9483-8cc5-4bb2-ad8c-43ea0dd5865d" unnumbered="true">
	<thead>
	<tr>
	<th valign="top" align="left">
	<stem type="MathML"><math xmlns="http://www.w3.org/1998/Math/MathML"><mi>x</mi><mo>/</mo><mrow xref="U_kHz"><mi mathvariant="normal">kHz</mi></mrow>


== Metanorma XML Syntax

(XML Line 000031:6): character content of element "on" invalid; must be a string matching the regular expression "([\+\-]?\d{4})((-?)((0[1-9]|1[0-2])((-?)([12]\d|0[1-9]|3[01]))?|W([0-4]\d|5[0-2])(-?[1-7])?|(00[1-9]|0[1-9]\d|[12]\d{2}|3([0-5]\d|6[1-6]))))?"
(XML Line 000049:17): character content of element "revision-date" invalid; must be a string matching the regular expression "([\+\-]?\d{4})((-?)((0[1-9]|1[0-2])((-?)([12]\d|0[1-9]|3[01]))?|W([0-4]\d|5[0-2])(-?[1-7])?|(00[1-9]|0[1-9]\d|[12]\d{2}|3([0-5]\d|6[1-6]))))?"
(XML Line 000068:36): value of attribute "acronym" is invalid; must be equal to "BIPM", "CCAUV", "CCEM", "CCL", "CCL-CCTF", "CCM", "CCPR", "CCQM", "CCRI", "CCT", "CCTF", "CCU", "CGPM", "CIPM", "INetQI", "JCGM", "JCRB" or "JCTLM"
