/__w/bipm-si-brochure/bipm-si-brochure/site/documents/rec-values/mep-wgfs-nm532-I2.err errors


== Metanorma XML Style Warning

(XML Line 000087): Hanging paragraph in clause
	<clause id="_source_data" obligation="normative"><title>Source data</title><dl id="_6728cc9b-1a8d-4a85-90b4-2b9e6876c10f">
	<dt>Adopted value</dt>
	<dd>
	<p id="_05f232bd-f717-447b-a150-8fe49af633c3"><stem type="MathML"><math xmlns="http://www.w3.org/1998/Math/MathML"><mi>f</mi><mo>=</mo><mn>563260223513</mn><mfenced open="(" close=")"><mrow><mn>5</mn></mrow></mfenced><mo rspace="thickmathspace">Ōüó</mo><mrow xref="U_kHz"><mi mathvariant="normal">kHz</mi></mrow>
	
(XML Line 000098): Table should have title
	<table id="_baa8e194-4ae2-49fe-9bfb-0ff8730a3e65" unnumbered="true">
	<thead>
	<tr>
	<th valign="top" align="left">
	<stem type="MathML"><math xmlns="http://www.w3.org/1998/Math/MathML"><mi>f</mi><mo>/</mo><mrow xref="U_kHz"><mi mathvariant="normal">kHz</mi></mrow>
(XML Line 000164): Table should have title
	<table id="_207acae3-9cd5-4863-a22c-94b1e4e03190" unnumbered="true">
	<tbody>
	<tr>
	<td valign="top" align="left">line no</td>
	<td valign="top" align="left">transition</td>
(XML Line 000412): Table should have title
	<table id="_4485abc9-9f04-437f-931c-aea491abbfe7" unnumbered="true">
	<tbody>
	<tr>
	<td valign="top" align="left">transition</td>
	<td valign="top" align="left">comp.</td>
(XML Line 000509): Table should have title
	<table id="_7d34f3d8-8011-4ca6-ab46-f6df0c3dc89d" unnumbered="true">
	<tbody>
	<tr>
	<td valign="top" align="center">line no</td>
	<td valign="top" align="center">transition</td>
(XML Line 000895): Table should have title
	<table id="_f6706121-83d0-40b5-8b08-003456c13ab7">
	<tbody>
	<tr>
	<th colspan="6" valign="top" align="center"><stem type="MathML"><math xmlns="http://www.w3.org/1998/Math/MathML"><mstyle mathvariant="italic"><mi>╬╗</mi></mstyle><mo>Ōēł</mo><mn>532</mn><mo rspace="thickmathspace">Ōüó</mo><mrow xref="U_nm"><mi mathvariant="normal">nm</mi></mrow>
	
(XML Line 001142): Table should have title
	<table id="_da0f967c-38f9-4fc1-a02d-a7338bcc5f97">
	<tbody>
	<tr>
	<th colspan="6" valign="top" align="center"><stem type="MathML"><math xmlns="http://www.w3.org/1998/Math/MathML"><mstyle mathvariant="italic"><mi>╬╗</mi></mstyle><mo>Ōēł</mo><mn>532</mn><mo rspace="thickmathspace">Ōüó</mo><mrow xref="U_nm"><mi mathvariant="normal">nm</mi></mrow>
	
(XML Line 001309): Table should have title
	<table id="_1c568c0b-97ac-45ab-bb10-6553163d2258">
	<tbody>
	<tr>
	<th colspan="6" valign="top" align="center"><stem type="MathML"><math xmlns="http://www.w3.org/1998/Math/MathML"><mstyle mathvariant="italic"><mi>╬╗</mi></mstyle><mo>Ōēł</mo><mn>532</mn><mo rspace="thickmathspace">Ōüó</mo><mrow xref="U_nm"><mi mathvariant="normal">nm</mi></mrow>
	
(XML Line 001536): Table should have title
	<table id="_be2ec441-814f-4e44-98d8-70384ddff095">
	<tbody>
	<tr>
	<th colspan="6" valign="top" align="center"><stem type="MathML"><math xmlns="http://www.w3.org/1998/Math/MathML"><mstyle mathvariant="italic"><mi>╬╗</mi></mstyle><mo>Ōēł</mo><mn>532</mn><mo rspace="thickmathspace">Ōüó</mo><mrow xref="U_nm"><mi mathvariant="normal">nm</mi></mrow>
	
(XML Line 001725): Table should have title
	<table id="_70751848-b3f7-4fbd-b24e-ef09f3184b09">
	<tbody>
	<tr>
	<th colspan="6" valign="top" align="center"><stem type="MathML"><math xmlns="http://www.w3.org/1998/Math/MathML"><mstyle mathvariant="italic"><mi>╬╗</mi></mstyle><mo>Ōēł</mo><mn>532</mn><mo rspace="thickmathspace">Ōüó</mo><mrow xref="U_nm"><mi mathvariant="normal">nm</mi></mrow>
	
(XML Line 001912): Table should have title
	<table id="_faf2b4d4-9375-4236-b1c5-b4785e77297a">
	<tbody>
	<tr>
	<th colspan="6" valign="top" align="center"><stem type="MathML"><math xmlns="http://www.w3.org/1998/Math/MathML"><mstyle mathvariant="italic"><mi>╬╗</mi></mstyle><mo>Ōēł</mo><mn>532</mn><mo rspace="thickmathspace">Ōüó</mo><mrow xref="U_nm"><mi mathvariant="normal">nm</mi></mrow>
	
(XML Line 002099): Table should have title
	<table id="_bbb0f997-1b1c-4270-9e01-4d9f76116164">
	<tbody>
	<tr>
	<th colspan="6" valign="top" align="center"><stem type="MathML"><math xmlns="http://www.w3.org/1998/Math/MathML"><mstyle mathvariant="italic"><mi>╬╗</mi></mstyle><mo>Ōēł</mo><mn>532</mn><mo rspace="thickmathspace">Ōüó</mo><mrow xref="U_nm"><mi mathvariant="normal">nm</mi></mrow>
	
(XML Line 002346): Table should have title
	<table id="_1511cd65-06db-481b-8fc7-b0149de50ff5">
	<tbody>
	<tr>
	<th colspan="6" valign="top" align="center"><stem type="MathML"><math xmlns="http://www.w3.org/1998/Math/MathML"><mstyle mathvariant="italic"><mi>╬╗</mi></mstyle><mo>Ōēł</mo><mn>532</mn><mo rspace="thickmathspace">Ōüó</mo><mrow xref="U_nm"><mi mathvariant="normal">nm</mi></mrow>
	
(XML Line 002533): Table should have title
	<table id="_56010680-852b-467c-96d9-832ba39498ba">
	<tbody>
	<tr>
	<th colspan="6" valign="top" align="center"><stem type="MathML"><math xmlns="http://www.w3.org/1998/Math/MathML"><mstyle mathvariant="italic"><mi>╬╗</mi></mstyle><mo>Ōēł</mo><mn>532</mn><mo rspace="thickmathspace">Ōüó</mo><mrow xref="U_nm"><mi mathvariant="normal">nm</mi></mrow>
	
(XML Line 002760): Table should have title
	<table id="_b77056ee-c404-4707-bf62-05ea3a05caf9">
	<tbody>
	<tr>
	<th colspan="6" valign="top" align="center"><stem type="MathML"><math xmlns="http://www.w3.org/1998/Math/MathML"><mstyle mathvariant="italic"><mi>╬╗</mi></mstyle><mo>Ōēł</mo><mn>532</mn><mo rspace="thickmathspace">Ōüó</mo><mrow xref="U_nm"><mi mathvariant="normal">nm</mi></mrow>
	
(XML Line 002947): Table should have title
	<table id="_32963343-99e6-4dd0-a703-f6bfa7734cae">
	<tbody>
	<tr>
	<th colspan="6" valign="top" align="center"><stem type="MathML"><math xmlns="http://www.w3.org/1998/Math/MathML"><mstyle mathvariant="italic"><mi>╬╗</mi></mstyle><mo>Ōēł</mo><mn>532</mn><mo rspace="thickmathspace">Ōüó</mo><mrow xref="U_nm"><mi mathvariant="normal">nm</mi></mrow>
	
(XML Line 003160): Table should have title
	<table id="_0e8a2ff4-2961-4af2-afcd-092896610ee7">
	<tbody>
	<tr>
	<th colspan="6" valign="top" align="center"><stem type="MathML"><math xmlns="http://www.w3.org/1998/Math/MathML"><mstyle mathvariant="italic"><mi>╬╗</mi></mstyle><mo>Ōēł</mo><mn>532</mn><mo rspace="thickmathspace">Ōüó</mo><mrow xref="U_nm"><mi mathvariant="normal">nm</mi></mrow>
	
(XML Line 003347): Table should have title
	<table id="_1d839f19-7c7b-4e3e-8913-4c6e1ed9720f">
	<tbody>
	<tr>
	<th colspan="6" valign="top" align="center"><stem type="MathML"><math xmlns="http://www.w3.org/1998/Math/MathML"><mstyle mathvariant="italic"><mi>╬╗</mi></mstyle><mo>Ōēł</mo><mn>532</mn><mo rspace="thickmathspace">Ōüó</mo><mrow xref="U_nm"><mi mathvariant="normal">nm</mi></mrow>
	
(XML Line 003534): Table should have title
	<table id="_73ee03d9-db58-4e8d-9d98-3ff4ccf46b9f">
	<tbody>
	<tr>
	<th colspan="6" valign="top" align="center"><stem type="MathML"><math xmlns="http://www.w3.org/1998/Math/MathML"><mstyle mathvariant="italic"><mi>╬╗</mi></mstyle><mo>Ōēł</mo><mn>532</mn><mo rspace="thickmathspace">Ōüó</mo><mrow xref="U_nm"><mi mathvariant="normal">nm</mi></mrow>
	
(XML Line 003701): Table should have title
	<table id="_fca320b6-102a-4485-84ad-7dc21abf9711">
	<tbody>
	<tr>
	<th colspan="6" valign="top" align="center"><stem type="MathML"><math xmlns="http://www.w3.org/1998/Math/MathML"><mstyle mathvariant="italic"><mi>╬╗</mi></mstyle><mo>Ōēł</mo><mn>532</mn><mo rspace="thickmathspace">Ōüó</mo><mrow xref="U_nm"><mi mathvariant="normal">nm</mi></mrow>
	
(XML Line 003934): Table should have title
	<table id="_59e0c050-b4b4-49c0-a7f3-f28ed73575c0">
	<tbody>
	<tr>
	<th colspan="6" valign="top" align="center"><stem type="MathML"><math xmlns="http://www.w3.org/1998/Math/MathML"><mstyle mathvariant="italic"><mi>╬╗</mi></mstyle><mo>Ōēł</mo><mn>532</mn><mo rspace="thickmathspace">Ōüó</mo><mrow xref="U_nm"><mi mathvariant="normal">nm</mi></mrow>
	
(XML Line 004100): Table should have title
	<table id="_d2d2b2b7-069e-4a9e-ae2a-b4786d0581b2">
	<tbody>
	<tr>
	<th colspan="6" valign="top" align="center"><stem type="MathML"><math xmlns="http://www.w3.org/1998/Math/MathML"><mstyle mathvariant="italic"><mi>╬╗</mi></mstyle><mo>Ōēł</mo><mn>532</mn><mo rspace="thickmathspace">Ōüó</mo><mrow xref="U_nm"><mi mathvariant="normal">nm</mi></mrow>
	
(XML Line 004247): Table should have title
	<table id="_e1090dc9-45b9-4d21-867c-6ae81a7e0916">
	<tbody>
	<tr>
	<th colspan="6" valign="top" align="center"><stem type="MathML"><math xmlns="http://www.w3.org/1998/Math/MathML"><mstyle mathvariant="italic"><mi>╬╗</mi></mstyle><mo>Ōēł</mo><mn>532</mn><mo rspace="thickmathspace">Ōüó</mo><mrow xref="U_nm"><mi mathvariant="normal">nm</mi></mrow>
	
(XML Line 004434): Table should have title
	<table id="_22c9c0bc-70d6-4276-932c-7f2a687167db">
	<tbody>
	<tr>
	<th colspan="6" valign="top" align="center"><stem type="MathML"><math xmlns="http://www.w3.org/1998/Math/MathML"><mstyle mathvariant="italic"><mi>╬╗</mi></mstyle><mo>Ōēł</mo><mn>532</mn><mo rspace="thickmathspace">Ōüó</mo><mrow xref="U_nm"><mi mathvariant="normal">nm</mi></mrow>
	
(XML Line 004681): Table should have title
	<table id="_42a4de8b-45c4-4d94-afd3-d6358d125078">
	<tbody>
	<tr>
	<th colspan="6" valign="top" align="center"><stem type="MathML"><math xmlns="http://www.w3.org/1998/Math/MathML"><mstyle mathvariant="italic"><mi>╬╗</mi></mstyle><mo>Ōēł</mo><mn>532</mn><mo rspace="thickmathspace">Ōüó</mo><mrow xref="U_nm"><mi mathvariant="normal">nm</mi></mrow>
	


== Metanorma XML Syntax

(XML Line 000068:36): value of attribute "acronym" is invalid; must be equal to "BIPM", "CCAUV", "CCEM", "CCL", "CCL-CCTF", "CCM", "CCPR", "CCQM", "CCRI", "CCT", "CCTF", "CCU", "CGPM", "CIPM", "INetQI", "JCGM", "JCRB" or "JCTLM"
