/__w/bipm-si-brochure/bipm-si-brochure/site/documents/rec-values/mep-wgfs-um1_54-C2H2.err errors


== Metanorma XML Style Warning

(XML Line 000104): Table should have title
	<table id="_5a311104-b29c-4f29-bfb1-0385f1b9ee81" unnumbered="true">
	<thead>
	<tr>
	<th valign="top" align="left">
	<stem type="MathML"><math xmlns="http://www.w3.org/1998/Math/MathML"><mi>f</mi><mo>/</mo><mrow xref="U_kHz"><mi mathvariant="normal">kHz</mi></mrow>
(XML Line 000164): Table should have title
	<table id="_2ec04bee-0400-4cad-a8d7-db18bca2a4b4" unnumbered="true">
	<thead>
	<tr>
	<th valign="top" align="left">
	<stem type="MathML"><math xmlns="http://www.w3.org/1998/Math/MathML"><mi>f</mi><mo>/</mo><mrow xref="U_kHz"><mi mathvariant="normal">kHz</mi></mrow>
(XML Line 000242): Table should have title
	<table id="table1">
	<tbody>
	<tr>
	<th colspan="6" valign="middle" align="center"><stem type="MathML"><math xmlns="http://www.w3.org/1998/Math/MathML"><mstyle mathvariant="italic"><mi>λ</mi></mstyle><mo>≈</mo><mn>1.54</mn><mo rspace="thickmathspace">⁢</mo><mrow xref="U_um"><mi mathvariant="normal">µm</mi></mrow>
	
(XML Line 000769): Table should have title
	<table id="table2">
	<tbody>
	<tr>
	<th colspan="6" valign="middle" align="center"><stem type="MathML"><math xmlns="http://www.w3.org/1998/Math/MathML"><mstyle mathvariant="italic"><mi>λ</mi></mstyle><mo>≈</mo><mn>1.54</mn><mo rspace="thickmathspace">⁢</mo><mrow xref="U_um"><mi mathvariant="normal">µm</mi></mrow>
	
(XML Line 001143): Table should have title
	<table id="table3">
	<tbody>
	<tr>
	<th colspan="6" valign="middle" align="center"><stem type="MathML"><math xmlns="http://www.w3.org/1998/Math/MathML"><mstyle mathvariant="italic"><mi>λ</mi></mstyle><mo>≈</mo><mn>1.54</mn><mo rspace="thickmathspace">⁢</mo><mrow xref="U_um"><mi mathvariant="normal">µm</mi></mrow>
	
(XML Line 001675): Table should have title
	<table id="table4">
	<tbody>
	<tr>
	<th colspan="6" valign="middle" align="center"><stem type="MathML"><math xmlns="http://www.w3.org/1998/Math/MathML"><mstyle mathvariant="italic"><mi>λ</mi></mstyle><mo>≈</mo><mn>1.54</mn><mo rspace="thickmathspace">⁢</mo><mrow xref="U_um"><mi mathvariant="normal">µm</mi></mrow>
	


== Metanorma XML Syntax

(XML Line 000068:36): value of attribute "acronym" is invalid; must be equal to "BIPM", "CCAUV", "CCEM", "CCL", "CCL-CCTF", "CCM", "CCPR", "CCQM", "CCRI", "CCT", "CCTF", "CCU", "CGPM", "CIPM", "INetQI", "JCGM", "JCRB" or "JCTLM"
