/__w/bipm-si-brochure/bipm-si-brochure/site/documents/rec-values/mep-wgfs-nm576-I2.err errors


== Metanorma XML Style Warning

(XML Line 000076): Hanging paragraph in clause
	<clause id="_source_data" obligation="normative"><title>Source data</title><dl id="_91ff8377-271a-4d3d-a931-fb7355c9bff8">
	<dt>Adopted value</dt>
	<dd>
	<p id="_6a448bc6-c8e4-46fd-a525-953ca648c09b"><stem type="MathML"><math xmlns="http://www.w3.org/1998/Math/MathML"><mi>f</mi><mo>=</mo><mn>520206808.4</mn><mtext> </mtext><mfenced open="(" close=")"><mrow><mn>2</mn></mrow></mfenced><mo rspace="thickmathspace">⁢</mo><mrow xref="U_MHz"><mi mathvariant="normal">MHz</mi></mrow>
	
(XML Line 000087): Table should have title
	<table id="_7daabde1-b104-4898-98b5-f29c6b87138b" unnumbered="true">
	<thead>
	<tr>
	<th valign="top" align="left">
	<stem type="MathML"><math xmlns="http://www.w3.org/1998/Math/MathML"><mi>f</mi><mo>/</mo><mrow xref="U_kHz"><mi mathvariant="normal">kHz</mi></mrow>
(XML Line 000174): Table should have title
	<table id="table1">
	<tbody>
	<tr>
	<th colspan="8" valign="middle" align="center"><stem type="MathML"><math xmlns="http://www.w3.org/1998/Math/MathML"><mstyle mathvariant="italic"><mi>λ</mi></mstyle><mo>≈</mo><mn>576</mn><mo rspace="thickmathspace">⁢</mo><mrow xref="U_nm"><mi mathvariant="normal">nm</mi></mrow>
	


== Metanorma XML Syntax

(XML Line 000031:6): character content of element "on" invalid; must be a string matching the regular expression "([\+\-]?\d{4})((-?)((0[1-9]|1[0-2])((-?)([12]\d|0[1-9]|3[01]))?|W([0-4]\d|5[0-2])(-?[1-7])?|(00[1-9]|0[1-9]\d|[12]\d{2}|3([0-5]\d|6[1-6]))))?"
(XML Line 000049:17): character content of element "revision-date" invalid; must be a string matching the regular expression "([\+\-]?\d{4})((-?)((0[1-9]|1[0-2])((-?)([12]\d|0[1-9]|3[01]))?|W([0-4]\d|5[0-2])(-?[1-7])?|(00[1-9]|0[1-9]\d|[12]\d{2}|3([0-5]\d|6[1-6]))))?"
(XML Line 000068:36): value of attribute "acronym" is invalid; must be equal to "BIPM", "CCAUV", "CCEM", "CCL", "CCL-CCTF", "CCM", "CCPR", "CCQM", "CCRI", "CCT", "CCTF", "CCU", "CGPM", "CIPM", "INetQI", "JCGM", "JCRB" or "JCTLM"
