/__w/bipm-si-brochure/bipm-si-brochure/site/documents/rec-values/mep-wgfs-nm778-Rb.err errors


== Metanorma XML Style Warning

(XML Line 000078): Hanging paragraph in clause
	<clause id="_source_data" obligation="normative"><title>Source data</title><dl id="_3625fd02-df44-4825-bd7b-3de6545c3c24">
	<dt>Adopted value</dt>
	<dd>
	<p id="_4eee9dcb-40e9-4876-807f-30b0d99d48bb"><stem type="MathML"><math xmlns="http://www.w3.org/1998/Math/MathML"><mi>f</mi><mo>=</mo><mn>385285142375</mn><mfenced open="(" close=")"><mrow><mn>5</mn></mrow></mfenced><mo rspace="thickmathspace">⁢</mo><mrow xref="U_kHz"><mi mathvariant="normal">kHz</mi></mrow>
	
(XML Line 000089): Table should have title
	<table id="_1d6fc425-399c-483c-8ffc-9174ec69f742" unnumbered="true">
	<thead>
	<tr>
	<th valign="top" align="left">
	<stem type="MathML"><math xmlns="http://www.w3.org/1998/Math/MathML"><mi>f</mi><mo>/</mo><mrow xref="U_kHz"><mi mathvariant="normal">kHz</mi></mrow>
(XML Line 000178): Table should have title
	<table id="table1">
	<tbody>
	<tr>
	<th colspan="3" valign="middle" align="center"><stem type="MathML"><math xmlns="http://www.w3.org/1998/Math/MathML"><mstyle mathvariant="italic"><mi>λ</mi></mstyle><mo>≈</mo><mn>778</mn><mo rspace="thickmathspace">⁢</mo><mrow xref="U_nm"><mi mathvariant="normal">nm</mi></mrow>
	
(XML Line 000261): Table should have title
	<table id="table2">
	<tbody>
	<tr>
	<th colspan="3" valign="middle" align="center"><stem type="MathML"><math xmlns="http://www.w3.org/1998/Math/MathML"><mstyle mathvariant="italic"><mi>λ</mi></mstyle><mo>≈</mo><mn>778</mn><mo rspace="thickmathspace">⁢</mo><mrow xref="U_nm"><mi mathvariant="normal">nm</mi></mrow>
	
(XML Line 000358): Table should have title
	<table id="table3">
	<tbody>
	<tr>
	<th colspan="3" valign="middle" align="center"><stem type="MathML"><math xmlns="http://www.w3.org/1998/Math/MathML"><mstyle mathvariant="italic"><mi>λ</mi></mstyle><mo>≈</mo><mn>778</mn><mo rspace="thickmathspace">⁢</mo><mrow xref="U_nm"><mi mathvariant="normal">nm</mi></mrow>
	
(XML Line 000434): Table should have title
	<table id="table4">
	<tbody>
	<tr>
	<th colspan="3" valign="middle" align="center"><stem type="MathML"><math xmlns="http://www.w3.org/1998/Math/MathML"><mstyle mathvariant="italic"><mi>λ</mi></mstyle><mo>≈</mo><mn>778</mn><mo rspace="thickmathspace">⁢</mo><mrow xref="U_nm"><mi mathvariant="normal">nm</mi></mrow>
	
(XML Line 000510): Hanging paragraph in clause
	<clause id="_absolute_frequency_of_other_transitions" obligation="normative"><title>Absolute frequency of other transitions</title><clause id="_absorbing_atom_87rb_rm5s_12_f_g_2_7s_12_f_e_2_two_photon_transition" obligation="normative"><title>Absorbing atom <sup>87</sup>Rb, <stem type="MathML"><math xmlns="http://www.w3.org/1998/Math/MathML"><mstyle mathvariant="normal"><mrow><mn>5</mn><msub><mrow><mi>S</mi></mrow><mrow><mrow><mn>1</mn><mo>/</mo><mn>2</mn></mrow></mrow></msub><mfenced open="(" close=")"><mrow><msub><mrow><mi>F</mi></mrow><mrow><mi>g</mi></mrow></msub><mo>=</mo><mn>2</mn></mrow></mfenced><mo>−</mo><mn>7</mn><msub><mrow><mi>S</mi></mrow><mrow><mrow><mn>1</mn><mo>/</mo><mn>2</mn></mrow></mrow></msub><mfenced open="(" close=")"><mrow><msub><mrow><mi>F</mi></mrow><mrow><mi>e</mi></mrow></msub><mo>=</mo><mn>2</mn></mrow></mfenced></mrow></mstyle></math></stem> two-photon transition</title><dl id="_97f9f5bb-6da6-4732-ab72-da60279c75b8">
	<dt>The values</dt>
	<dd>
	<p id="_96010a17-0bb7-40ac-a1fc-6c86a2fa06b0"><stem type="MathML"><math xmlns="http://www.w3.org/1998/Math/MathML"><mi>f</mi><mo>=</mo><mn>394397384460</mn><mo rspace="thickmathspace">⁢</mo><mrow xref="U_kHz"><mi mathvariant="normal">kHz</mi></mrow>
	


== Metanorma XML Syntax

(XML Line 000031:6): character content of element "on" invalid; must be a string matching the regular expression "([\+\-]?\d{4})((-?)((0[1-9]|1[0-2])((-?)([12]\d|0[1-9]|3[01]))?|W([0-4]\d|5[0-2])(-?[1-7])?|(00[1-9]|0[1-9]\d|[12]\d{2}|3([0-5]\d|6[1-6]))))?"
(XML Line 000049:17): character content of element "revision-date" invalid; must be a string matching the regular expression "([\+\-]?\d{4})((-?)((0[1-9]|1[0-2])((-?)([12]\d|0[1-9]|3[01]))?|W([0-4]\d|5[0-2])(-?[1-7])?|(00[1-9]|0[1-9]\d|[12]\d{2}|3([0-5]\d|6[1-6]))))?"
(XML Line 000068:36): value of attribute "acronym" is invalid; must be equal to "BIPM", "CCAUV", "CCEM", "CCL", "CCL-CCTF", "CCM", "CCPR", "CCQM", "CCRI", "CCT", "CCTF", "CCU", "CGPM", "CIPM", "INetQI", "JCGM", "JCRB" or "JCTLM"
