/__w/bipm-si-brochure/bipm-si-brochure/site/documents/rec-values/mep-wgfs-nm515-I2.err errors


== Metanorma XML Style Warning

(XML Line 000095): Table should have title
	<table id="_af0e60fa-8485-48f2-b745-82f8b125e5fd" unnumbered="true">
	<thead>
	<tr>
	<th valign="top" align="left">
	<stem type="MathML"><math xmlns="http://www.w3.org/1998/Math/MathML"><mi>f</mi><mo>/</mo><mrow xref="U_kHz"><mi mathvariant="normal">kHz</mi></mrow>
(XML Line 000133): Table should have title
	<table id="_3ca96234-0f68-4b14-a37e-1186bda1bad4" unnumbered="true">
	<thead>
	<tr>
	<th valign="top" align="left">
	<stem type="MathML"><math xmlns="http://www.w3.org/1998/Math/MathML"><mi>f</mi><mo>/</mo><mrow xref="U_kHz"><mi mathvariant="normal">kHz</mi></mrow>
(XML Line 000196): Table should have title
	<table id="_2865befb-f9e7-4ae0-8c79-83f3bc1bdf23">
	<tbody>
	<tr>
	<th colspan="6" valign="middle" align="center"><stem type="MathML"><math xmlns="http://www.w3.org/1998/Math/MathML"><mstyle mathvariant="italic"><mi>λ</mi></mstyle><mo>≈</mo><mn>515</mn><mo rspace="thickmathspace">⁢</mo><mrow xref="U_nm"><mi mathvariant="normal">nm</mi></mrow>
	
(XML Line 000412): Table should have title
	<table id="_5d0cd948-b966-4782-a836-9c24b532bacb">
	<tbody>
	<tr>
	<th colspan="6" valign="middle" align="center"><stem type="MathML"><math xmlns="http://www.w3.org/1998/Math/MathML"><mstyle mathvariant="italic"><mi>λ</mi></mstyle><mo>≈</mo><mn>515</mn><mo rspace="thickmathspace">⁢</mo><mrow xref="U_nm"><mi mathvariant="normal">nm</mi></mrow>
	
(XML Line 000628): Table should have title
	<table id="_7568edc3-22cb-4a20-b218-f799aeba24ad">
	<tbody>
	<tr>
	<th colspan="6" valign="middle" align="center"><stem type="MathML"><math xmlns="http://www.w3.org/1998/Math/MathML"><mstyle mathvariant="italic"><mi>λ</mi></mstyle><mo>≈</mo><mn>515</mn><mo rspace="thickmathspace">⁢</mo><mrow xref="U_nm"><mi mathvariant="normal">nm</mi></mrow>
	


== Metanorma XML Syntax

(XML Line 000068:36): value of attribute "acronym" is invalid; must be equal to "BIPM", "CCAUV", "CCEM", "CCL", "CCL-CCTF", "CCM", "CCPR", "CCQM", "CCRI", "CCT", "CCTF", "CCU", "CGPM", "CIPM", "INetQI", "JCGM", "JCRB" or "JCTLM"
