/__w/bipm-si-brochure/bipm-si-brochure/site/documents/rec-values/mep-wgfs-nm612-I2.err errors


== Metanorma XML Style Warning

(XML Line 000076): Hanging paragraph in clause
	<clause id="_source_data" obligation="normative"><title>Source data</title><dl id="_eee403ab-501e-4294-864f-52e70016a00f">
	<dt>Adopted value</dt>
	<dd>
	<p id="_ef420a51-4077-4055-92ed-5b77c10a648a"><stem type="MathML"><math xmlns="http://www.w3.org/1998/Math/MathML"><mi>f</mi><mo>=</mo><mn>489880354.93</mn><mfenced open="(" close=")"><mrow><mn>15</mn></mrow></mfenced><mo rspace="thickmathspace">⁢</mo><mrow xref="U_MHz"><mi mathvariant="normal">MHz</mi></mrow>
	
(XML Line 000087): Table should have title
	<table id="_0f231166-dd59-4ddf-a3b1-16fd9459ed7b" unnumbered="true">
	<thead>
	<tr>
	<th valign="top" align="left">
	<stem type="MathML"><math xmlns="http://www.w3.org/1998/Math/MathML"><mi>f</mi><mo>/</mo><mrow xref="U_kHz"><mi mathvariant="normal">kHz</mi></mrow>
(XML Line 000269): Table should have title
	<table id="table1">
	<tbody>
	<tr>
	<th colspan="8" valign="middle" align="center"><stem type="MathML"><math xmlns="http://www.w3.org/1998/Math/MathML"><mstyle mathvariant="italic"><mi>λ</mi></mstyle><mo>≈</mo><mn>612</mn><mo rspace="thickmathspace">⁢</mo><mrow xref="U_nm"><mi mathvariant="normal">nm</mi></mrow>
	
(XML Line 000515): Table should have title
	<table id="table2">
	<tbody>
	<tr>
	<th colspan="6" valign="middle" align="center"><stem type="MathML"><math xmlns="http://www.w3.org/1998/Math/MathML"><mstyle mathvariant="italic"><mi>λ</mi></mstyle><mo>≈</mo><mn>612</mn><mo rspace="thickmathspace">⁢</mo><mrow xref="U_nm"><mi mathvariant="normal">nm</mi></mrow>
	
(XML Line 000689): Table should have title
	<table id="table3">
	<tbody>
	<tr>
	<th colspan="6" valign="middle" align="center"><stem type="MathML"><math xmlns="http://www.w3.org/1998/Math/MathML"><mstyle mathvariant="italic"><mi>λ</mi></mstyle><mo>≈</mo><mn>612</mn><mo rspace="thickmathspace">⁢</mo><mrow xref="U_nm"><mi mathvariant="normal">nm</mi></mrow>
	
(XML Line 000795): Table should have title
	<table id="table4">
	<tbody>
	<tr>
	<th colspan="8" valign="middle" align="center"><stem type="MathML"><math xmlns="http://www.w3.org/1998/Math/MathML"><mstyle mathvariant="italic"><mi>λ</mi></mstyle><mo>≈</mo><mn>612</mn><mo rspace="thickmathspace">⁢</mo><mrow xref="U_nm"><mi mathvariant="normal">nm</mi></mrow>
	
(XML Line 001115): Table should have title
	<table id="table5">
	<tbody>
	<tr>
	<th colspan="8" valign="middle" align="center"><stem type="MathML"><math xmlns="http://www.w3.org/1998/Math/MathML"><mstyle mathvariant="italic"><mi>λ</mi></mstyle><mo>≈</mo><mn>612</mn><mo rspace="thickmathspace">⁢</mo><mrow xref="U_nm"><mi mathvariant="normal">nm</mi></mrow>
	


== Metanorma XML Syntax

(XML Line 000031:6): character content of element "on" invalid; must be a string matching the regular expression "([\+\-]?\d{4})((-?)((0[1-9]|1[0-2])((-?)([12]\d|0[1-9]|3[01]))?|W([0-4]\d|5[0-2])(-?[1-7])?|(00[1-9]|0[1-9]\d|[12]\d{2}|3([0-5]\d|6[1-6]))))?"
(XML Line 000049:17): character content of element "revision-date" invalid; must be a string matching the regular expression "([\+\-]?\d{4})((-?)((0[1-9]|1[0-2])((-?)([12]\d|0[1-9]|3[01]))?|W([0-4]\d|5[0-2])(-?[1-7])?|(00[1-9]|0[1-9]\d|[12]\d{2}|3([0-5]\d|6[1-6]))))?"
(XML Line 000068:36): value of attribute "acronym" is invalid; must be equal to "BIPM", "CCAUV", "CCEM", "CCL", "CCL-CCTF", "CCM", "CCPR", "CCQM", "CCRI", "CCT", "CCTF", "CCU", "CGPM", "CIPM", "INetQI", "JCGM", "JCRB" or "JCTLM"
